
%%%%%%%%%%%%%%%%%%%%%
% client: sendet Nachrichten
%%%%%%%%%%%%%%%%%%%%%
1-client@lab28219 : 1te Nachricht. C Out: 03.04 13:31:02,849|

1-client@lab28219 : 2te Nachricht. C Out: 03.04 13:31:05,851|

1-client@lab28219 : 3te Nachricht. C Out: 03.04 13:31:08,853|

1-client@lab28219 : 4te Nachricht. C Out: 03.04 13:31:11,855|

1-client@lab28219 : 5te Nachricht. C Out: 03.04 13:31:14,857|
1-client : 6te_Nachricht um 03.04 13:31:17,859| vergessen zu senden!!!
%%%%%%%%%%%%%%%%%%%%%
% client: fragt Nachrichten ab
%%%%%%%%%%%%%%%%%%%%%


1-client@lab28219 : 2te Nachricht. C Out: 03.04 13:31:05,851||(2); HBQ In: 03.04 13:31:05,853|| DLQ In:03.04 13:31:05,855|C In: 03.04 13:31:17,861|******

1-client@lab28219 : 3te Nachricht. C Out: 03.04 13:31:08,853||(3); HBQ In: 03.04 13:31:08,855|| DLQ In:03.04 13:31:08,856|C In: 03.04 13:31:17,863|******

1-client@lab28219 : 4te Nachricht. C Out: 03.04 13:31:11,855||(4); HBQ In: 03.04 13:31:11,857|| DLQ In:03.04 13:31:11,859|C In: 03.04 13:31:17,865|******

1-client@lab28219 : 5te Nachricht. C Out: 03.04 13:31:14,857||(5); HBQ In: 03.04 13:31:14,858|| DLQ In:03.04 13:31:14,860|C In: 03.04 13:31:17,867|******

%%%%%%%%%%%%%%%%%%%%%
% client: sendet Nachrichten
%%%%%%%%%%%%%%%%%%%%%
1-client@lab28219 : 7te Nachricht. C Out: 03.04 13:31:17,922|

1-client@lab28219 : 8te Nachricht. C Out: 03.04 13:31:19,424|

1-client@lab28219 : 9te Nachricht. C Out: 03.04 13:31:20,926|

1-client@lab28219 : 10te Nachricht. C Out: 03.04 13:31:22,428|

1-client@lab28219 : 11te Nachricht. C Out: 03.04 13:31:23,930|
1-client : 12te_Nachricht um 03.04 13:31:25,431| vergessen zu senden!!!
%%%%%%%%%%%%%%%%%%%%%
% client: fragt Nachrichten ab
%%%%%%%%%%%%%%%%%%%%%


1-client@lab28219 : 1te Nachricht. C Out: 03.04 13:31:02,849||(1); HBQ In: 03.04 13:31:02,850|| DLQ In:03.04 13:31:02,852|C In: 03.04 13:31:25,435|******

1-client@lab28219 : 2te Nachricht. C Out: 03.04 13:31:05,851||(2); HBQ In: 03.04 13:31:05,853|| DLQ In:03.04 13:31:05,855|C In: 03.04 13:31:25,437|******

1-client@lab28219 : 3te Nachricht. C Out: 03.04 13:31:08,853||(3); HBQ In: 03.04 13:31:08,855|| DLQ In:03.04 13:31:08,856|C In: 03.04 13:31:25,439|******

1-client@lab28219 : 4te Nachricht. C Out: 03.04 13:31:11,855||(4); HBQ In: 03.04 13:31:11,857|| DLQ In:03.04 13:31:11,859|C In: 03.04 13:31:25,441|******

1-client@lab28219 : 5te Nachricht. C Out: 03.04 13:31:14,857||(5); HBQ In: 03.04 13:31:14,858|| DLQ In:03.04 13:31:14,860|C In: 03.04 13:31:25,442|******

1-client@lab28219 : 7te Nachricht. C Out: 03.04 13:31:17,922||(7); HBQ In: 03.04 13:31:17,924|| DLQ In:03.04 13:31:17,925|C In: 03.04 13:31:25,444|******

1-client@lab28219 : 8te Nachricht. C Out: 03.04 13:31:19,424||(8); HBQ In: 03.04 13:31:19,425|| DLQ In:03.04 13:31:19,427|C In: 03.04 13:31:25,445|******

1-client@lab28219 : 9te Nachricht. C Out: 03.04 13:31:20,926||(9); HBQ In: 03.04 13:31:20,956|| DLQ In:03.04 13:31:20,958|C In: 03.04 13:31:25,447|******

1-client@lab28219 : 10te Nachricht. C Out: 03.04 13:31:22,428||(10); HBQ In: 03.04 13:31:22,453|| DLQ In:03.04 13:31:22,455|C In: 03.04 13:31:25,449|******

1-client@lab28219 : 11te Nachricht. C Out: 03.04 13:31:23,930||(11); HBQ In: 03.04 13:31:23,956|| DLQ In:03.04 13:31:23,958|C In: 03.04 13:31:25,451|******

%%%%%%%%%%%%%%%%%%%%%
% client: sendet Nachrichten
%%%%%%%%%%%%%%%%%%%%%
1-client@lab28219 : 13te Nachricht. C Out: 03.04 13:31:25,452|

1-client@lab28219 : 14te Nachricht. C Out: 03.04 13:31:27,954|

1-client@lab28219 : 15te Nachricht. C Out: 03.04 13:31:30,456|

1-client@lab28219 : 16te Nachricht. C Out: 03.04 13:31:32,958|

1-client@lab28219 : 17te Nachricht. C Out: 03.04 13:31:35,460|
1-client : 18te_Nachricht um 03.04 13:31:37,962| vergessen zu senden!!!
%%%%%%%%%%%%%%%%%%%%%
% client: fragt Nachrichten ab
%%%%%%%%%%%%%%%%%%%%%


1-client@lab28219 : 1te Nachricht. C Out: 03.04 13:31:02,849||(1); HBQ In: 03.04 13:31:02,850|| DLQ In:03.04 13:31:02,852|C In: 03.04 13:31:37,965|******

1-client@lab28219 : 2te Nachricht. C Out: 03.04 13:31:05,851||(2); HBQ In: 03.04 13:31:05,853|| DLQ In:03.04 13:31:05,855|C In: 03.04 13:31:37,968|******

1-client@lab28219 : 3te Nachricht. C Out: 03.04 13:31:08,853||(3); HBQ In: 03.04 13:31:08,855|| DLQ In:03.04 13:31:08,856|C In: 03.04 13:31:37,970|******

1-client@lab28219 : 4te Nachricht. C Out: 03.04 13:31:11,855||(4); HBQ In: 03.04 13:31:11,857|| DLQ In:03.04 13:31:11,859|C In: 03.04 13:31:37,971|******

1-client@lab28219 : 5te Nachricht. C Out: 03.04 13:31:14,857||(5); HBQ In: 03.04 13:31:14,858|| DLQ In:03.04 13:31:14,860|C In: 03.04 13:31:37,973|******

1-client@lab28219 : 7te Nachricht. C Out: 03.04 13:31:17,922||(7); HBQ In: 03.04 13:31:17,924|| DLQ In:03.04 13:31:17,925|C In: 03.04 13:31:37,975|******

1-client@lab28219 : 8te Nachricht. C Out: 03.04 13:31:19,424||(8); HBQ In: 03.04 13:31:19,425|| DLQ In:03.04 13:31:19,427|C In: 03.04 13:31:37,976|******

1-client@lab28219 : 9te Nachricht. C Out: 03.04 13:31:20,926||(9); HBQ In: 03.04 13:31:20,956|| DLQ In:03.04 13:31:20,958|C In: 03.04 13:31:37,978|******

1-client@lab28219 : 10te Nachricht. C Out: 03.04 13:31:22,428||(10); HBQ In: 03.04 13:31:22,453|| DLQ In:03.04 13:31:22,455|C In: 03.04 13:31:37,980|******

1-client@lab28219 : 11te Nachricht. C Out: 03.04 13:31:23,930||(11); HBQ In: 03.04 13:31:23,956|| DLQ In:03.04 13:31:23,958|C In: 03.04 13:31:37,982|******

1-client@lab28219 : 13te Nachricht. C Out: 03.04 13:31:25,452||(13); HBQ In: 03.04 13:31:25,453|| DLQ In:03.04 13:31:25,454|C In: 03.04 13:31:37,983|******

1-client@lab28219 : 14te Nachricht. C Out: 03.04 13:31:27,954||(14); HBQ In: 03.04 13:31:27,954|| DLQ In:03.04 13:31:27,956|C In: 03.04 13:31:37,985|******

1-client@lab28219 : 15te Nachricht. C Out: 03.04 13:31:30,456||(15); HBQ In: 03.04 13:31:30,456|| DLQ In:03.04 13:31:30,458|C In: 03.04 13:31:37,987|******

1-client@lab28219 : 16te Nachricht. C Out: 03.04 13:31:32,958||(16); HBQ In: 03.04 13:31:32,958|| DLQ In:03.04 13:31:32,960|C In: 03.04 13:31:37,988|******

1-client@lab28219 : 17te Nachricht. C Out: 03.04 13:31:35,460||(17); HBQ In: 03.04 13:31:35,460|| DLQ In:03.04 13:31:35,462|C In: 03.04 13:31:37,990|******

%%%%%%%%%%%%%%%%%%%%%
% client: sendet Nachrichten
%%%%%%%%%%%%%%%%%%%%%
1-client@lab28219 : 19te Nachricht. C Out: 03.04 13:31:37,991|

1-client@lab28219 : 20te Nachricht. C Out: 03.04 13:31:41,743|

%%%%%%%%%%%%%%%%%%%%%
% client: sendet Nachrichten
%%%%%%%%%%%%%%%%%%%%%
1-client@lab28219 : 1te Nachricht. C Out: 03.04 13:58:13,383|

1-client@lab28219 : 2te Nachricht. C Out: 03.04 13:58:16,385|

1-client@lab28219 : 3te Nachricht. C Out: 03.04 13:58:19,387|

1-client@lab28219 : 4te Nachricht. C Out: 03.04 13:58:22,389|

1-client@lab28219 : 5te Nachricht. C Out: 03.04 13:58:25,391|
1-client : 6te_Nachricht um 03.04 13:58:28,393| vergessen zu senden!!!
%%%%%%%%%%%%%%%%%%%%%
% client: fragt Nachrichten ab
%%%%%%%%%%%%%%%%%%%%%


1-client@lab28219 : 1te Nachricht. C Out: 03.04 13:58:13,383||(1); HBQ In: 03.04 13:58:13,383|| DLQ In:03.04 13:58:13,386|C In: 03.04 13:58:28,396|******

%%%%%%%%%%%%%%%%%%%%%
% client: sendet Nachrichten
%%%%%%%%%%%%%%%%%%%%%
1-client@lab28219 : 7te Nachricht. C Out: 03.04 13:58:28,397|

1-client@lab28219 : 8te Nachricht. C Out: 03.04 13:58:29,899|

1-client@lab28219 : 9te Nachricht. C Out: 03.04 13:58:31,401|

1-client@lab28219 : 10te Nachricht. C Out: 03.04 13:58:32,903|

1-client@lab28219 : 11te Nachricht. C Out: 03.04 13:58:34,405|
