Server Startzeit: 03.04 13:31:02,814|| mit PID <0.90.0>
Server: Nachrichtennummer 1 an <0.105.0> gesendet

1-client@lab28219 : 1te Nachricht. C Out: 03.04 13:31:02,849||(1); HBQ In: 03.04 13:31:02,850||-dropmessage
Server: Nachrichtennummer 2 an <0.105.0> gesendet

1-client@lab28219 : 2te Nachricht. C Out: 03.04 13:31:05,851||(2); HBQ In: 03.04 13:31:05,853||-dropmessage
Server: Nachrichtennummer 3 an <0.105.0> gesendet

1-client@lab28219 : 3te Nachricht. C Out: 03.04 13:31:08,853||(3); HBQ In: 03.04 13:31:08,855||-dropmessage
Server: Nachrichtennummer 4 an <0.105.0> gesendet

1-client@lab28219 : 4te Nachricht. C Out: 03.04 13:31:11,855||(4); HBQ In: 03.04 13:31:11,857||-dropmessage
Server: Nachrichtennummer 5 an <0.105.0> gesendet

1-client@lab28219 : 5te Nachricht. C Out: 03.04 13:31:14,857||(5); HBQ In: 03.04 13:31:14,858||-dropmessage
Server: Nachrichtennummer 6 an <0.105.0> gesendet

1-client@lab28219 : 2te Nachricht. C Out: 03.04 13:31:05,851||(2); HBQ In: 03.04 13:31:05,853|| DLQ In:03.04 13:31:05,855||.(2)-getmessages von <0.105.0>-false

1-client@lab28219 : 3te Nachricht. C Out: 03.04 13:31:08,853||(3); HBQ In: 03.04 13:31:08,855|| DLQ In:03.04 13:31:08,856||.(3)-getmessages von <0.105.0>-false

1-client@lab28219 : 4te Nachricht. C Out: 03.04 13:31:11,855||(4); HBQ In: 03.04 13:31:11,857|| DLQ In:03.04 13:31:11,859||.(4)-getmessages von <0.105.0>-false

1-client@lab28219 : 5te Nachricht. C Out: 03.04 13:31:14,857||(5); HBQ In: 03.04 13:31:14,858|| DLQ In:03.04 13:31:14,860||.(5)-getmessages von <0.105.0>-true
Server: Nachrichtennummer 7 an <0.105.0> gesendet

1-client@lab28219 : 7te Nachricht. C Out: 03.04 13:31:17,922||(7); HBQ In: 03.04 13:31:17,924||-dropmessage
Server: Nachrichtennummer 8 an <0.105.0> gesendet

1-client@lab28219 : 8te Nachricht. C Out: 03.04 13:31:19,424||(8); HBQ In: 03.04 13:31:19,425||-dropmessage
Server: Nachrichtennummer 9 an <0.105.0> gesendet

1-client@lab28219 : 9te Nachricht. C Out: 03.04 13:31:20,926||(9); HBQ In: 03.04 13:31:20,956||-dropmessage
Server: Nachrichtennummer 10 an <0.105.0> gesendet

1-client@lab28219 : 10te Nachricht. C Out: 03.04 13:31:22,428||(10); HBQ In: 03.04 13:31:22,453||-dropmessage
Server: Nachrichtennummer 11 an <0.105.0> gesendet

1-client@lab28219 : 11te Nachricht. C Out: 03.04 13:31:23,930||(11); HBQ In: 03.04 13:31:23,956||-dropmessage
Server: Nachrichtennummer 12 an <0.105.0> gesendet
Client <0.105.0> wird vergessen! *************

1-client@lab28219 : 1te Nachricht. C Out: 03.04 13:31:02,849||(1); HBQ In: 03.04 13:31:02,850|| DLQ In:03.04 13:31:02,852||.(1)-getmessages von <0.105.0>-false

1-client@lab28219 : 2te Nachricht. C Out: 03.04 13:31:05,851||(2); HBQ In: 03.04 13:31:05,853|| DLQ In:03.04 13:31:05,855||.(2)-getmessages von <0.105.0>-false

1-client@lab28219 : 3te Nachricht. C Out: 03.04 13:31:08,853||(3); HBQ In: 03.04 13:31:08,855|| DLQ In:03.04 13:31:08,856||.(3)-getmessages von <0.105.0>-false

1-client@lab28219 : 4te Nachricht. C Out: 03.04 13:31:11,855||(4); HBQ In: 03.04 13:31:11,857|| DLQ In:03.04 13:31:11,859||.(4)-getmessages von <0.105.0>-false

1-client@lab28219 : 5te Nachricht. C Out: 03.04 13:31:14,857||(5); HBQ In: 03.04 13:31:14,858|| DLQ In:03.04 13:31:14,860||.(5)-getmessages von <0.105.0>-false

1-client@lab28219 : 7te Nachricht. C Out: 03.04 13:31:17,922||(7); HBQ In: 03.04 13:31:17,924|| DLQ In:03.04 13:31:17,925||.(7)-getmessages von <0.105.0>-false

1-client@lab28219 : 8te Nachricht. C Out: 03.04 13:31:19,424||(8); HBQ In: 03.04 13:31:19,425|| DLQ In:03.04 13:31:19,427||.(8)-getmessages von <0.105.0>-false

1-client@lab28219 : 9te Nachricht. C Out: 03.04 13:31:20,926||(9); HBQ In: 03.04 13:31:20,956|| DLQ In:03.04 13:31:20,958||.(9)-getmessages von <0.105.0>-false

1-client@lab28219 : 10te Nachricht. C Out: 03.04 13:31:22,428||(10); HBQ In: 03.04 13:31:22,453|| DLQ In:03.04 13:31:22,455||.(10)-getmessages von <0.105.0>-false

1-client@lab28219 : 11te Nachricht. C Out: 03.04 13:31:23,930||(11); HBQ In: 03.04 13:31:23,956|| DLQ In:03.04 13:31:23,958||.(11)-getmessages von <0.105.0>-true
Server: Nachrichtennummer 13 an <0.105.0> gesendet

1-client@lab28219 : 13te Nachricht. C Out: 03.04 13:31:25,452||(13); HBQ In: 03.04 13:31:25,453||-dropmessage
Server: Nachrichtennummer 14 an <0.105.0> gesendet

1-client@lab28219 : 14te Nachricht. C Out: 03.04 13:31:27,954||(14); HBQ In: 03.04 13:31:27,954||-dropmessage
Server: Nachrichtennummer 15 an <0.105.0> gesendet

1-client@lab28219 : 15te Nachricht. C Out: 03.04 13:31:30,456||(15); HBQ In: 03.04 13:31:30,456||-dropmessage
Server: Nachrichtennummer 16 an <0.105.0> gesendet

1-client@lab28219 : 16te Nachricht. C Out: 03.04 13:31:32,958||(16); HBQ In: 03.04 13:31:32,958||-dropmessage
Server: Nachrichtennummer 17 an <0.105.0> gesendet

1-client@lab28219 : 17te Nachricht. C Out: 03.04 13:31:35,460||(17); HBQ In: 03.04 13:31:35,460||-dropmessage
Server: Nachrichtennummer 18 an <0.105.0> gesendet
Client <0.105.0> wird vergessen! *************

1-client@lab28219 : 1te Nachricht. C Out: 03.04 13:31:02,849||(1); HBQ In: 03.04 13:31:02,850|| DLQ In:03.04 13:31:02,852||.(1)-getmessages von <0.105.0>-false

1-client@lab28219 : 2te Nachricht. C Out: 03.04 13:31:05,851||(2); HBQ In: 03.04 13:31:05,853|| DLQ In:03.04 13:31:05,855||.(2)-getmessages von <0.105.0>-false

1-client@lab28219 : 3te Nachricht. C Out: 03.04 13:31:08,853||(3); HBQ In: 03.04 13:31:08,855|| DLQ In:03.04 13:31:08,856||.(3)-getmessages von <0.105.0>-false

1-client@lab28219 : 4te Nachricht. C Out: 03.04 13:31:11,855||(4); HBQ In: 03.04 13:31:11,857|| DLQ In:03.04 13:31:11,859||.(4)-getmessages von <0.105.0>-false

1-client@lab28219 : 5te Nachricht. C Out: 03.04 13:31:14,857||(5); HBQ In: 03.04 13:31:14,858|| DLQ In:03.04 13:31:14,860||.(5)-getmessages von <0.105.0>-false

1-client@lab28219 : 7te Nachricht. C Out: 03.04 13:31:17,922||(7); HBQ In: 03.04 13:31:17,924|| DLQ In:03.04 13:31:17,925||.(7)-getmessages von <0.105.0>-false

1-client@lab28219 : 8te Nachricht. C Out: 03.04 13:31:19,424||(8); HBQ In: 03.04 13:31:19,425|| DLQ In:03.04 13:31:19,427||.(8)-getmessages von <0.105.0>-false

1-client@lab28219 : 9te Nachricht. C Out: 03.04 13:31:20,926||(9); HBQ In: 03.04 13:31:20,956|| DLQ In:03.04 13:31:20,958||.(9)-getmessages von <0.105.0>-false

1-client@lab28219 : 10te Nachricht. C Out: 03.04 13:31:22,428||(10); HBQ In: 03.04 13:31:22,453|| DLQ In:03.04 13:31:22,455||.(10)-getmessages von <0.105.0>-false

1-client@lab28219 : 11te Nachricht. C Out: 03.04 13:31:23,930||(11); HBQ In: 03.04 13:31:23,956|| DLQ In:03.04 13:31:23,958||.(11)-getmessages von <0.105.0>-false

1-client@lab28219 : 13te Nachricht. C Out: 03.04 13:31:25,452||(13); HBQ In: 03.04 13:31:25,453|| DLQ In:03.04 13:31:25,454||.(13)-getmessages von <0.105.0>-false

1-client@lab28219 : 14te Nachricht. C Out: 03.04 13:31:27,954||(14); HBQ In: 03.04 13:31:27,954|| DLQ In:03.04 13:31:27,956||.(14)-getmessages von <0.105.0>-false

1-client@lab28219 : 15te Nachricht. C Out: 03.04 13:31:30,456||(15); HBQ In: 03.04 13:31:30,456|| DLQ In:03.04 13:31:30,458||.(15)-getmessages von <0.105.0>-false

1-client@lab28219 : 16te Nachricht. C Out: 03.04 13:31:32,958||(16); HBQ In: 03.04 13:31:32,958|| DLQ In:03.04 13:31:32,960||.(16)-getmessages von <0.105.0>-false

1-client@lab28219 : 17te Nachricht. C Out: 03.04 13:31:35,460||(17); HBQ In: 03.04 13:31:35,460|| DLQ In:03.04 13:31:35,462||.(17)-getmessages von <0.105.0>-true
Server: Nachrichtennummer 19 an <0.105.0> gesendet

1-client@lab28219 : 19te Nachricht. C Out: 03.04 13:31:37,991||(19); HBQ In: 03.04 13:31:37,992||-dropmessage
Server: Nachrichtennummer 20 an <0.105.0> gesendet

1-client@lab28219 : 20te Nachricht. C Out: 03.04 13:31:41,743||(20); HBQ In: 03.04 13:31:41,744||-dropmessage
Server Startzeit: 03.04 13:58:13,374|| mit PID <0.433.0>
Server: Nachrichtennummer 1 an <0.447.0> gesendet

1-client@lab28219 : 1te Nachricht. C Out: 03.04 13:58:13,383||(1); HBQ In: 03.04 13:58:13,383||-dropmessage
Server: Nachrichtennummer 2 an <0.447.0> gesendet

1-client@lab28219 : 2te Nachricht. C Out: 03.04 13:58:16,385||(2); HBQ In: 03.04 13:58:16,387||-dropmessage
Server: Nachrichtennummer 3 an <0.447.0> gesendet

1-client@lab28219 : 3te Nachricht. C Out: 03.04 13:58:19,387||(3); HBQ In: 03.04 13:58:19,388||-dropmessage
Server: Nachrichtennummer 4 an <0.447.0> gesendet

1-client@lab28219 : 4te Nachricht. C Out: 03.04 13:58:22,389||(4); HBQ In: 03.04 13:58:22,390||-dropmessage
Server: Nachrichtennummer 5 an <0.447.0> gesendet

1-client@lab28219 : 5te Nachricht. C Out: 03.04 13:58:25,391||(5); HBQ In: 03.04 13:58:25,392||-dropmessage
Server: Nachrichtennummer 6 an <0.447.0> gesendet

1-client@lab28219 : 1te Nachricht. C Out: 03.04 13:58:13,383||(1); HBQ In: 03.04 13:58:13,383|| DLQ In:03.04 13:58:13,386||.(1)-getmessages von <0.447.0>-true
Server: Nachrichtennummer 7 an <0.447.0> gesendet

1-client@lab28219 : 7te Nachricht. C Out: 03.04 13:58:28,397||(7); HBQ In: 03.04 13:58:28,398||-dropmessage
Server: Nachrichtennummer 8 an <0.447.0> gesendet

1-client@lab28219 : 8te Nachricht. C Out: 03.04 13:58:29,899||(8); HBQ In: 03.04 13:58:29,914||-dropmessage
Server: Nachrichtennummer 9 an <0.447.0> gesendet

1-client@lab28219 : 9te Nachricht. C Out: 03.04 13:58:31,401||(9); HBQ In: 03.04 13:58:31,402||-dropmessage
Server: Nachrichtennummer 10 an <0.447.0> gesendet

1-client@lab28219 : 10te Nachricht. C Out: 03.04 13:58:32,903||(10); HBQ In: 03.04 13:58:32,903||-dropmessage
Server: Nachrichtennummer 11 an <0.447.0> gesendet

1-client@lab28219 : 11te Nachricht. C Out: 03.04 13:58:34,405||(11); HBQ In: 03.04 13:58:34,407||-dropmessage
Server: Nachrichtennummer 12 an <0.447.0> gesendet
Client <0.447.0> wird vergessen! *************

1-client@lab28219 : 1te Nachricht. C Out: 03.04 13:58:13,383||(1); HBQ In: 03.04 13:58:13,383|| DLQ In:03.04 13:58:13,386||.(1)-getmessages von <0.447.0>-true
Server: Nachrichtennummer 13 an <0.447.0> gesendet

1-client@lab28219 : 13te Nachricht. C Out: 03.04 13:58:35,910||(13); HBQ In: 03.04 13:58:35,911||-dropmessage
Server: Nachrichtennummer 14 an <0.447.0> gesendet

1-client@lab28219 : 14te Nachricht. C Out: 03.04 13:58:38,412||(14); HBQ In: 03.04 13:58:38,414||-dropmessage
Server: Nachrichtennummer 15 an <0.447.0> gesendet

1-client@lab28219 : 15te Nachricht. C Out: 03.04 13:58:40,914||(15); HBQ In: 03.04 13:58:40,915||-dropmessage
Server: Nachrichtennummer 16 an <0.447.0> gesendet

1-client@lab28219 : 16te Nachricht. C Out: 03.04 13:58:43,416||(16); HBQ In: 03.04 13:58:43,417||-dropmessage
Server: Nachrichtennummer 17 an <0.447.0> gesendet

1-client@lab28219 : 17te Nachricht. C Out: 03.04 13:58:45,918||(17); HBQ In: 03.04 13:58:45,919||-dropmessage
Server: Nachrichtennummer 18 an <0.447.0> gesendet
Client <0.447.0> wird vergessen! *************

1-client@lab28219 : 1te Nachricht. C Out: 03.04 13:58:13,383||(1); HBQ In: 03.04 13:58:13,383|| DLQ In:03.04 13:58:13,386||.(1)-getmessages von <0.447.0>-true
Server: Nachrichtennummer 19 an <0.447.0> gesendet

1-client@lab28219 : 19te Nachricht. C Out: 03.04 13:58:48,424||(19); HBQ In: 03.04 13:58:48,426||-dropmessage
Server: Nachrichtennummer 20 an <0.447.0> gesendet

1-client@lab28219 : 20te Nachricht. C Out: 03.04 13:58:52,177||(20); HBQ In: 03.04 13:58:52,179||-dropmessage
Server Startzeit: 03.04 14:06:24,488|| mit PID <0.629.0>
Server: Nachrichtennummer 1 an <0.643.0> gesendet

1-client@lab28219 : 1te Nachricht. C Out: 03.04 14:06:24,493||(1); HBQ In: 03.04 14:06:24,493||-dropmessage
Server: Nachrichtennummer 2 an <0.643.0> gesendet
Server: Nachrichtennummer 3 an <0.643.0> gesendet
Server: Nachrichtennummer 4 an <0.643.0> gesendet
Server: Nachrichtennummer 5 an <0.643.0> gesendet
Server: Nachrichtennummer 6 an <0.643.0> gesendet
Dummy message. |.(0)-getmessages von <0.643.0>-true
Server: Nachrichtennummer 7 an <0.643.0> gesendet
Server: Nachrichtennummer 8 an <0.643.0> gesendet
Server: Nachrichtennummer 9 an <0.643.0> gesendet
Server: Nachrichtennummer 10 an <0.643.0> gesendet
Server: Nachrichtennummer 11 an <0.643.0> gesendet
Server: Nachrichtennummer 12 an <0.643.0> gesendet
Client <0.643.0> wird vergessen! *************
Dummy message. |.(0)-getmessages von <0.643.0>-true
Server: Nachrichtennummer 13 an <0.643.0> gesendet
Server: Nachrichtennummer 14 an <0.643.0> gesendet
Server: Nachrichtennummer 15 an <0.643.0> gesendet
Server: Nachrichtennummer 16 an <0.643.0> gesendet
Server: Nachrichtennummer 17 an <0.643.0> gesendet
Server: Nachrichtennummer 18 an <0.643.0> gesendet
Client <0.643.0> wird vergessen! *************
Dummy message. |.(0)-getmessages von <0.643.0>-true
Server: Nachrichtennummer 19 an <0.643.0> gesendet
Server: Nachrichtennummer 20 an <0.643.0> gesendet
Server Startzeit: 03.04 14:08:09,921|| mit PID <0.775.0>
Server: Nachrichtennummer 1 an <0.789.0> gesendet

1-client@lab28219 : 1te Nachricht. C Out: 03.04 14:08:09,924||(1); HBQ In: 03.04 14:08:09,925||-dropmessage
Server: Nachrichtennummer 2 an <0.789.0> gesendet
Server: Nachrichtennummer 3 an <0.789.0> gesendet
Server: Nachrichtennummer 4 an <0.789.0> gesendet
Server: Nachrichtennummer 5 an <0.789.0> gesendet
Server: Nachrichtennummer 6 an <0.789.0> gesendet
Dummy message. |.(0)-getmessages von <0.789.0>-true
Server: Nachrichtennummer 7 an <0.789.0> gesendet
Server: Nachrichtennummer 8 an <0.789.0> gesendet
Server: Nachrichtennummer 9 an <0.789.0> gesendet
Server: Nachrichtennummer 10 an <0.789.0> gesendet
Server: Nachrichtennummer 11 an <0.789.0> gesendet
Server: Nachrichtennummer 12 an <0.789.0> gesendet
Client <0.789.0> wird vergessen! *************
Dummy message. |.(0)-getmessages von <0.789.0>-true
Server: Nachrichtennummer 13 an <0.789.0> gesendet
Server: Nachrichtennummer 14 an <0.789.0> gesendet
Server: Nachrichtennummer 15 an <0.789.0> gesendet
Server: Nachrichtennummer 16 an <0.789.0> gesendet
Server: Nachrichtennummer 17 an <0.789.0> gesendet
Server: Nachrichtennummer 18 an <0.789.0> gesendet
Client <0.789.0> wird vergessen! *************
Dummy message. |.(0)-getmessages von <0.789.0>-true
Server: Nachrichtennummer 19 an <0.789.0> gesendet
Server: Nachrichtennummer 20 an <0.789.0> gesendet
Server Startzeit: 03.04 14:10:26,649|| mit PID <0.930.0>
Server: Nachrichtennummer 1 an <0.944.0> gesendet

1-client@lab28219 : 1te Nachricht. C Out: 03.04 14:10:26,653||(1); HBQ In: 03.04 14:10:26,654||-dropmessage
Server: Nachrichtennummer 2 an <0.944.0> gesendet
Server: Nachrichtennummer 3 an <0.944.0> gesendet
Server: Nachrichtennummer 4 an <0.944.0> gesendet
Server: Nachrichtennummer 5 an <0.944.0> gesendet
Server: Nachrichtennummer 6 an <0.944.0> gesendet
Dummy message. |.(0)-getmessages von <0.944.0>-true
Server: Nachrichtennummer 7 an <0.944.0> gesendet
Server: Nachrichtennummer 8 an <0.944.0> gesendet
Server: Nachrichtennummer 9 an <0.944.0> gesendet
Server: Nachrichtennummer 10 an <0.944.0> gesendet
Server: Nachrichtennummer 11 an <0.944.0> gesendet
Server: Nachrichtennummer 12 an <0.944.0> gesendet
Client <0.944.0> wird vergessen! *************
Dummy message. |.(0)-getmessages von <0.944.0>-true
Server: Nachrichtennummer 13 an <0.944.0> gesendet
Server: Nachrichtennummer 14 an <0.944.0> gesendet
Server: Nachrichtennummer 15 an <0.944.0> gesendet
Server: Nachrichtennummer 16 an <0.944.0> gesendet
Server: Nachrichtennummer 17 an <0.944.0> gesendet
Server: Nachrichtennummer 18 an <0.944.0> gesendet
Client <0.944.0> wird vergessen! *************
Dummy message. |.(0)-getmessages von <0.944.0>-true
Server: Nachrichtennummer 19 an <0.944.0> gesendet
